<?xml version="1.0" encoding="UTF-8" ?>
<testsuites>
  <testsuite errors="0" failures="0" hostname="cblock-laptop" id="0" name="DataBinderServiceIntegrationTests" package="" tests="9" time="0.936" timestamp="2009-08-06T14:31:26">
      <properties />

      <testcase classname="DataBinderServiceIntegrationTests" name="testBindObjectPropertiesListIsNull" time="0.112" />

      <testcase classname="DataBinderServiceIntegrationTests" name="testBindObjectTargetIsNull" time="0.073" />

      <testcase classname="DataBinderServiceIntegrationTests" name="testBindObjectSourceIsNull" time="0.033" />

      <testcase classname="DataBinderServiceIntegrationTests" name="testBindTimeslotObject" time="0.219" />

      <testcase classname="DataBinderServiceIntegrationTests" name="testBindTimeslotClass" time="0.048" />

      <testcase classname="DataBinderServiceIntegrationTests" name="testBindAllTimeslots" time="0.068" />

      <testcase classname="DataBinderServiceIntegrationTests" name="testBindTradeLogObject" time="0.083" />

      <testcase classname="DataBinderServiceIntegrationTests" name="testBindTradeLogClass" time="0.033" />

      <testcase classname="DataBinderServiceIntegrationTests" name="testBindAllTradelogs" time="0.084" />

      <system-out><![CDATA[--Output from testBindObjectPropertiesListIsNull--
--Output from testBindObjectTargetIsNull--
--Output from testBindObjectSourceIsNull--
--Output from testBindTimeslotObject--
--Output from testBindTimeslotClass--
--Output from testBindAllTimeslots--
--Output from testBindTradeLogObject--
--Output from testBindTradeLogClass--
--Output from testBindAllTradelogs--
]]></system-out>

      <system-err><![CDATA[--Output from testBindObjectPropertiesListIsNull--
--Output from testBindObjectTargetIsNull--
--Output from testBindObjectSourceIsNull--
--Output from testBindTimeslotObject--
--Output from testBindTimeslotClass--
--Output from testBindAllTimeslots--
--Output from testBindTradeLogObject--
--Output from testBindTradeLogClass--
--Output from testBindAllTradelogs--
]]></system-err>

  </testsuite>
</testsuites>
